[21:40:47.851][info] [#0:/home/ozil/.local/share/nvim/mason/packages/lua-language-server/extension/server/main.lua:65]: Lua Lsp startup, root: 	/home/ozil/.local/share/nvim/mason/packages/lua-language-server/extension/server
[21:40:47.851][info] [#0:/home/ozil/.local/share/nvim/mason/packages/lua-language-server/extension/server/main.lua:66]: ROOT:	/home/ozil/.local/share/nvim/mason/packages/lua-language-server/extension/server
[21:40:47.851][info] [#0:/home/ozil/.local/share/nvim/mason/packages/lua-language-server/extension/server/main.lua:67]: LOGPATH:	/home/ozil/.local/share/nvim/mason/packages/lua-language-server/extension/server/log
[21:40:47.851][info] [#0:/home/ozil/.local/share/nvim/mason/packages/lua-language-server/extension/server/main.lua:68]: METAPATH:	/home/ozil/.local/share/nvim/mason/packages/lua-language-server/extension/server/meta
[21:40:47.852][info] [#0:/home/ozil/.local/share/nvim/mason/packages/lua-language-server/extension/server/main.lua:69]: VERSION:	3.5.6
[21:40:47.886][info] [#0:script/service/service.lua:141]: 
========= Medical Examination Report =========
    --------------- Memory ---------------
        Total: 1.490 MB
        # 00 : 1.490 MB
        # 01 : 0.000 MB
        # 02 : 0.000 MB
        # 03 : 0.000 MB
        # 04 : 0.000 MB
    --------------- Coroutine ---------------
        Total:     0
        Running:   0
        Suspended: 0
        Normal:    0
        Dead:      0
    --------------- Cache ---------------
        Total: 1
        Dead:  0
    ---------------  RPC  ---------------
        Holdon:   0
        Waiting:  0
==============================================
[21:40:47.892][info] [#0:script/language.lua:137]: VSC language: nil
[21:40:47.892][info] [#0:script/language.lua:138]: LS  language: en-us
[21:40:47.892][info] [#0:script/workspace/workspace.lua:38]: Workspace init root: 	file:///home/ozil/GitHub/Exodia-Repos/exodia-NvChad
[21:40:47.892][info] [#0:script/workspace/workspace.lua:42]: Log path: 	/home/ozil/.local/share/nvim/mason/packages/lua-language-server/extension/server/log/file_home_ozil_GitHub_Exodia-Repos_exodia-NvChad.log
[21:40:47.892][info] [#0:script/workspace/workspace.lua:51]: Workspace create: 	file:///home/ozil/GitHub/Exodia-Repos/exodia-NvChad
[21:40:47.893][info] [#0:script/provider/provider.lua:41]: Load config from client	file:///home/ozil/GitHub/Exodia-Repos/exodia-NvChad
[21:40:47.893][info] [#0:script/provider/provider.lua:42]: {
  Lua = {
    diagnostics = {
      globals = { "vim" }
    },
    telemetry = {
      enable = false
    },
    workspace = {
      library = {
        ["/usr/share/nvim/runtime/lua"] = true,
        ["/usr/share/nvim/runtime/lua/vim/lsp"] = true
      },
      maxPreload = 100000,
      preloadFileSize = 10000
    }
  }
}
[21:40:47.894][info] [#0:script/provider/provider.lua:41]: Load config from client	file:///home/ozil/GitHub/Exodia-Repos/exodia-NvChad
[21:40:47.894][info] [#0:script/provider/provider.lua:42]: {
  Lua = {
    diagnostics = {
      globals = { "vim" }
    },
    telemetry = {
      enable = false
    },
    workspace = {
      library = {
        ["/usr/share/nvim/runtime/lua"] = true,
        ["/usr/share/nvim/runtime/lua/vim/lsp"] = true
      },
      maxPreload = 100000,
      preloadFileSize = 10000
    }
  }
}
[21:40:47.894][info] [#0:script/provider/provider.lua:41]: Load config from client	file:///home/ozil/GitHub/Exodia-Repos/exodia-NvChad
[21:40:47.894][info] [#0:script/provider/provider.lua:42]: {
  Lua = {
    diagnostics = {
      globals = { "vim" }
    },
    telemetry = {
      enable = false
    },
    workspace = {
      library = {
        ["/usr/share/nvim/runtime/lua"] = true,
        ["/usr/share/nvim/runtime/lua/vim/lsp"] = true
      },
      maxPreload = 100000,
      preloadFileSize = 10000
    }
  }
}
[21:40:47.894][info] [#0:script/provider/provider.lua:56]: Load config from client	fallback
[21:40:47.894][info] [#0:script/provider/provider.lua:57]: {
  Lua = {
    diagnostics = {
      globals = { "vim" }
    },
    telemetry = {
      enable = false
    },
    workspace = {
      library = {
        ["/usr/share/nvim/runtime/lua"] = true,
        ["/usr/share/nvim/runtime/lua/vim/lsp"] = true
      },
      maxPreload = 100000,
      preloadFileSize = 10000
    }
  }
}
[21:40:47.894][info] [#0:script/library.lua:207]: Init builtin library at:	file:///home/ozil/GitHub/Exodia-Repos/exodia-NvChad
[21:40:47.905][info] [#0:script/plugin.lua:86]: plugin path:	/home/ozil/GitHub/Exodia-Repos/exodia-NvChad
[21:40:47.905][warn] [#0:script/plugin.lua:101]: plugin not found:	/home/ozil/GitHub/Exodia-Repos/exodia-NvChad
[21:40:47.905][info] [#0:script/library.lua:207]: Init builtin library at:	nil
[21:40:47.914][info] [#0:script/provider/provider.lua:56]: Load config from client	fallback
[21:40:47.914][info] [#0:script/provider/provider.lua:57]: {
  Lua = {
    diagnostics = {
      globals = { "vim" }
    },
    telemetry = {
      enable = false
    },
    workspace = {
      library = {
        ["/usr/share/nvim/runtime/lua"] = true,
        ["/usr/share/nvim/runtime/lua/vim/lsp"] = true
      },
      maxPreload = 100000,
      preloadFileSize = 10000
    }
  }
}
[21:40:47.914][info] [#0:script/provider/provider.lua:56]: Load config from client	fallback
[21:40:47.914][info] [#0:script/provider/provider.lua:57]: {
  Lua = {
    diagnostics = {
      globals = { "vim" }
    },
    telemetry = {
      enable = false
    },
    workspace = {
      library = {
        ["/usr/share/nvim/runtime/lua"] = true,
        ["/usr/share/nvim/runtime/lua/vim/lsp"] = true
      },
      maxPreload = 100000,
      preloadFileSize = 10000
    }
  }
}
[21:40:49.893][info] [#0:script/workspace/workspace.lua:305]: Preload start:	file:///home/ozil/GitHub/Exodia-Repos/exodia-NvChad
[21:40:49.895][info] [#0:script/workspace/workspace.lua:311]: Scan files at:	file:///home/ozil/GitHub/Exodia-Repos/exodia-NvChad
[21:40:49.896][info] [#0:script/workspace/workspace.lua:305]: Preload start:	<fallback>
[21:40:49.898][info] [#0:script/workspace/workspace.lua:328]: Scan library at:	file:///home/ozil/.local/share/nvim/mason/packages/lua-language-server/extension/server/meta/Lua%205.4%20en-us%20utf8
[21:40:49.916][info] [#0:script/workspace/workspace.lua:328]: Scan library at:	file:///usr/share/nvim/runtime/lua
[21:40:49.944][info] [#0:script/workspace/workspace.lua:328]: Scan library at:	file:///usr/share/nvim/runtime/lua/vim/lsp
[21:40:50.791][info] [#0:script/workspace/workspace.lua:328]: Scan library at:	file:///home/ozil/.local/share/nvim/mason/packages/lua-language-server/extension/server/meta/Lua%205.4%20en-us%20utf8
[21:40:50.792][info] [#0:script/workspace/workspace.lua:328]: Scan library at:	file:///usr/share/nvim/runtime/lua
[21:40:50.795][info] [#0:script/workspace/workspace.lua:328]: Scan library at:	file:///usr/share/nvim/runtime/lua/vim/lsp
[21:40:50.796][info] [#0:script/workspace/workspace.lua:348]: Found 60 files at:	<fallback>
[21:40:50.796][info] [#0:script/workspace/loading.lua:153]: Load files from disk:	<fallback>
[21:40:50.796][info] [#0:script/workspace/workspace.lua:348]: Found 2211 files at:	file:///home/ozil/GitHub/Exodia-Repos/exodia-NvChad
[21:40:50.796][info] [#0:script/workspace/loading.lua:153]: Load files from disk:	file:///home/ozil/GitHub/Exodia-Repos/exodia-NvChad
[21:40:53.251][warn] [#0:script/files.lua:532]: Compile [file:///home/ozil/GitHub/Exodia-Repos/exodia-NvChad/nvim-plugins/site/pack/packer/opt/LuaSnip/tests/integration/postfix_snippet_spec.lua] takes [0.104] sec, size [4.051] kb.
[21:40:54.209][warn] [#0:script/files.lua:532]: Compile [file:///home/ozil/GitHub/Exodia-Repos/exodia-NvChad/nvim-plugins/mason/packages/lua-language-server/extension/server/meta/3rd/Jass/library/jass/common.lua] takes [0.193] sec, size [448.808] kb.
[21:40:54.329][warn] [#0:script/files.lua:544]: Parse LuaDoc of [file:///home/ozil/GitHub/Exodia-Repos/exodia-NvChad/nvim-plugins/mason/packages/lua-language-server/extension/server/meta/3rd/Jass/library/jass/common.lua] takes [0.119] sec, size [448.808] kb.
[21:40:54.789][info] [#0:script/workspace/loading.lua:165]: Loaded files takes [4.067] sec: <fallback>
[21:40:54.789][info] [#0:script/workspace/loading.lua:174]: Compile files takes [0.000] sec: <fallback>
[21:40:54.789][info] [#0:script/workspace/loading.lua:175]: Loaded finish:	<fallback>
[21:40:54.789][info] [#0:script/workspace/workspace.lua:350]: Preload finish at:	<fallback>
[21:40:55.801][warn] [#0:script/files.lua:544]: Parse LuaDoc of [file:///home/ozil/GitHub/Exodia-Repos/exodia-NvChad/nvim-plugins/mason/packages/lua-language-server/extension/server/script/vm/type.lua] takes [0.247] sec, size [13.179] kb.
[21:40:56.235][warn] [#0:script/proto/proto.lua:122]: Response of [workspace/diagnostic/refresh] error [-32601]: MethodNotFound
[21:40:56.241][info] [#0:script/workspace/loading.lua:165]: Loaded files takes [5.526] sec: file:///home/ozil/GitHub/Exodia-Repos/exodia-NvChad
[21:40:56.241][info] [#0:script/workspace/loading.lua:174]: Compile files takes [0.000] sec: file:///home/ozil/GitHub/Exodia-Repos/exodia-NvChad
[21:40:56.241][info] [#0:script/workspace/loading.lua:175]: Loaded finish:	file:///home/ozil/GitHub/Exodia-Repos/exodia-NvChad
[21:40:56.241][info] [#0:script/workspace/workspace.lua:350]: Preload finish at:	file:///home/ozil/GitHub/Exodia-Repos/exodia-NvChad
[21:40:56.978][warn] [#0:script/proto/proto.lua:122]: Response of [workspace/diagnostic/refresh] error [-32601]: MethodNotFound
[21:40:56.987][info] [#0:script/provider/diagnostic.lua:486]: Diagnostics scope [file:///home/ozil/GitHub/Exodia-Repos/exodia-NvChad], files count:[2167]
[21:41:16.178][warn] [#0:script/await.lua:195]: [fire]Await step takes [4.807] sec.
stack traceback:
	[C]: in function 'coroutine.yield'
	script/await.lua:171: in function 'await.delay'
	script/core/diagnostics/init.lua:180: in function 'core.diagnostics'
	[C]: in function 'xpcall'
	script/provider/diagnostic.lua:308: in function 'provider.diagnostic.doDiagnostic'
	[C]: in function 'xpcall'
	script/provider/diagnostic.lua:523: in local 'callback'
	script/provider/diagnostic.lua:495: in function 'provider.diagnostic.awaitDiagnosticsScope'
	script/provider/diagnostic.lua:522: in function <script/provider/diagnostic.lua:520>
[21:41:17.358][warn] [#0:script/core/diagnostics/init.lua:158]: Diagnostics [undefined-global] @ [file:///home/ozil/GitHub/Exodia-Repos/exodia-NvChad/nvim-plugins/undo/%25home%25ozil%25.config%25nvim%25lua%25plugins%25configs%25alpha.lua] takes [1.158] sec!
[21:41:46.813][info] [#0:script/provider/diagnostic.lua:503]: Diagnostics scope [file:///home/ozil/GitHub/Exodia-Repos/exodia-NvChad] finished, takes [49.632] sec.
[21:41:46.830][info] [#0:script/provider/diagnostic.lua:486]: Diagnostics scope [<fallback>], files count:[2167]
[21:41:58.657][warn] [#0:script/await.lua:195]: [fire]Await step takes [4.571] sec.
stack traceback:
	[C]: in function 'coroutine.yield'
	script/await.lua:171: in function 'await.delay'
	script/core/diagnostics/init.lua:180: in function 'core.diagnostics'
	[C]: in function 'xpcall'
	script/provider/diagnostic.lua:308: in function 'provider.diagnostic.doDiagnostic'
	[C]: in function 'xpcall'
	script/provider/diagnostic.lua:523: in local 'callback'
	script/provider/diagnostic.lua:495: in function 'provider.diagnostic.awaitDiagnosticsScope'
	script/provider/diagnostic.lua:522: in function <script/provider/diagnostic.lua:520>
[21:41:59.787][warn] [#0:script/core/diagnostics/init.lua:158]: Diagnostics [undefined-global] @ [file:///home/ozil/GitHub/Exodia-Repos/exodia-NvChad/nvim-plugins/undo/%25home%25ozil%25.config%25nvim%25lua%25plugins%25configs%25alpha.lua] takes [1.124] sec!
[21:42:16.180][info] [#0:script/provider/diagnostic.lua:503]: Diagnostics scope [<fallback>] finished, takes [29.289] sec.
[21:42:29.626][info] [#0:script/provider/provider.lua:167]: Server shutdown.
[21:42:29.727][info] [#0:script/provider/provider.lua:160]: Server exited.
