[14:26:21.784][info] [#0:/home/ozil/.local/share/nvim/mason/packages/lua-language-server/extension/server/main.lua:65]: Lua Lsp startup, root: 	/home/ozil/.local/share/nvim/mason/packages/lua-language-server/extension/server
[14:26:21.784][info] [#0:/home/ozil/.local/share/nvim/mason/packages/lua-language-server/extension/server/main.lua:66]: ROOT:	/home/ozil/.local/share/nvim/mason/packages/lua-language-server/extension/server
[14:26:21.784][info] [#0:/home/ozil/.local/share/nvim/mason/packages/lua-language-server/extension/server/main.lua:67]: LOGPATH:	/home/ozil/.local/share/nvim/mason/packages/lua-language-server/extension/server/log
[14:26:21.784][info] [#0:/home/ozil/.local/share/nvim/mason/packages/lua-language-server/extension/server/main.lua:68]: METAPATH:	/home/ozil/.local/share/nvim/mason/packages/lua-language-server/extension/server/meta
[14:26:21.784][info] [#0:/home/ozil/.local/share/nvim/mason/packages/lua-language-server/extension/server/main.lua:69]: VERSION:	3.5.6
[14:26:21.821][info] [#0:script/service/service.lua:141]: 
========= Medical Examination Report =========
    --------------- Memory ---------------
        Total: 1.490 MB
        # 00 : 1.490 MB
        # 01 : 0.000 MB
        # 02 : 0.000 MB
        # 03 : 0.000 MB
        # 04 : 0.000 MB
    --------------- Coroutine ---------------
        Total:     0
        Running:   0
        Suspended: 0
        Normal:    0
        Dead:      0
    --------------- Cache ---------------
        Total: 1
        Dead:  0
    ---------------  RPC  ---------------
        Holdon:   0
        Waiting:  0
==============================================
[14:26:21.828][info] [#0:script/language.lua:137]: VSC language: nil
[14:26:21.828][info] [#0:script/language.lua:138]: LS  language: en-us
[14:26:21.828][info] [#0:script/workspace/workspace.lua:38]: Workspace init root: 	file:///home/ozil/.config/nvim
[14:26:21.828][info] [#0:script/workspace/workspace.lua:42]: Log path: 	/home/ozil/.local/share/nvim/mason/packages/lua-language-server/extension/server/log/file_home_ozil_.config_nvim.log
[14:26:21.828][info] [#0:script/workspace/workspace.lua:51]: Workspace create: 	file:///home/ozil/.config/nvim
[14:26:21.830][info] [#0:script/provider/provider.lua:41]: Load config from client	file:///home/ozil/.config/nvim
[14:26:21.830][info] [#0:script/provider/provider.lua:42]: {
  Lua = {
    diagnostics = {
      globals = { "vim" }
    },
    telemetry = {
      enable = false
    },
    workspace = {
      library = {
        ["/usr/share/nvim/runtime/lua"] = true,
        ["/usr/share/nvim/runtime/lua/vim/lsp"] = true
      },
      maxPreload = 100000,
      preloadFileSize = 10000
    }
  }
}
[14:26:21.830][info] [#0:script/provider/provider.lua:41]: Load config from client	file:///home/ozil/.config/nvim
[14:26:21.830][info] [#0:script/provider/provider.lua:42]: {
  Lua = {
    diagnostics = {
      globals = { "vim" }
    },
    telemetry = {
      enable = false
    },
    workspace = {
      library = {
        ["/usr/share/nvim/runtime/lua"] = true,
        ["/usr/share/nvim/runtime/lua/vim/lsp"] = true
      },
      maxPreload = 100000,
      preloadFileSize = 10000
    }
  }
}
[14:26:21.830][info] [#0:script/provider/provider.lua:41]: Load config from client	file:///home/ozil/.config/nvim
[14:26:21.830][info] [#0:script/provider/provider.lua:42]: {
  Lua = {
    diagnostics = {
      globals = { "vim" }
    },
    telemetry = {
      enable = false
    },
    workspace = {
      library = {
        ["/usr/share/nvim/runtime/lua"] = true,
        ["/usr/share/nvim/runtime/lua/vim/lsp"] = true
      },
      maxPreload = 100000,
      preloadFileSize = 10000
    }
  }
}
[14:26:21.830][info] [#0:script/provider/provider.lua:56]: Load config from client	fallback
[14:26:21.830][info] [#0:script/provider/provider.lua:57]: {
  Lua = {
    diagnostics = {
      globals = { "vim" }
    },
    telemetry = {
      enable = false
    },
    workspace = {
      library = {
        ["/usr/share/nvim/runtime/lua"] = true,
        ["/usr/share/nvim/runtime/lua/vim/lsp"] = true
      },
      maxPreload = 100000,
      preloadFileSize = 10000
    }
  }
}
[14:26:21.831][info] [#0:script/library.lua:207]: Init builtin library at:	file:///home/ozil/.config/nvim
[14:26:21.842][info] [#0:script/plugin.lua:86]: plugin path:	/home/ozil/.config/nvim
[14:26:21.842][warn] [#0:script/plugin.lua:101]: plugin not found:	/home/ozil/.config/nvim
[14:26:21.842][info] [#0:script/library.lua:207]: Init builtin library at:	nil
[14:26:21.850][info] [#0:script/provider/provider.lua:56]: Load config from client	fallback
[14:26:21.850][info] [#0:script/provider/provider.lua:57]: {
  Lua = {
    diagnostics = {
      globals = { "vim" }
    },
    telemetry = {
      enable = false
    },
    workspace = {
      library = {
        ["/usr/share/nvim/runtime/lua"] = true,
        ["/usr/share/nvim/runtime/lua/vim/lsp"] = true
      },
      maxPreload = 100000,
      preloadFileSize = 10000
    }
  }
}
[14:26:21.850][info] [#0:script/provider/provider.lua:56]: Load config from client	fallback
[14:26:21.850][info] [#0:script/provider/provider.lua:57]: {
  Lua = {
    diagnostics = {
      globals = { "vim" }
    },
    telemetry = {
      enable = false
    },
    workspace = {
      library = {
        ["/usr/share/nvim/runtime/lua"] = true,
        ["/usr/share/nvim/runtime/lua/vim/lsp"] = true
      },
      maxPreload = 100000,
      preloadFileSize = 10000
    }
  }
}
[14:26:23.829][info] [#0:script/workspace/workspace.lua:305]: Preload start:	file:///home/ozil/.config/nvim
[14:26:23.831][info] [#0:script/workspace/workspace.lua:311]: Scan files at:	file:///home/ozil/.config/nvim
[14:26:23.833][info] [#0:script/workspace/workspace.lua:305]: Preload start:	<fallback>
[14:26:23.834][info] [#0:script/workspace/workspace.lua:328]: Scan library at:	file:///home/ozil/.local/share/nvim/mason/packages/lua-language-server/extension/server/meta/Lua%205.4%20en-us%20utf8
[14:26:23.847][info] [#0:script/workspace/workspace.lua:328]: Scan library at:	file:///usr/share/nvim/runtime/lua
[14:26:23.868][info] [#0:script/workspace/workspace.lua:328]: Scan library at:	file:///usr/share/nvim/runtime/lua/vim/lsp
[14:26:23.877][info] [#0:script/workspace/workspace.lua:328]: Scan library at:	file:///home/ozil/.local/share/nvim/mason/packages/lua-language-server/extension/server/meta/Lua%205.4%20en-us%20utf8
[14:26:23.880][info] [#0:script/workspace/workspace.lua:328]: Scan library at:	file:///usr/share/nvim/runtime/lua
[14:26:23.884][info] [#0:script/workspace/workspace.lua:328]: Scan library at:	file:///usr/share/nvim/runtime/lua/vim/lsp
[14:26:25.828][info] [#0:script/workspace/workspace.lua:348]: Found 59 files at:	<fallback>
[14:26:25.829][info] [#0:script/workspace/loading.lua:153]: Load files from disk:	<fallback>
[14:26:25.829][info] [#0:script/workspace/workspace.lua:348]: Found 88 files at:	file:///home/ozil/.config/nvim
[14:26:25.829][info] [#0:script/workspace/loading.lua:153]: Load files from disk:	file:///home/ozil/.config/nvim
[14:26:27.829][info] [#0:script/workspace/loading.lua:165]: Loaded files takes [0.412] sec: <fallback>
[14:26:27.829][info] [#0:script/workspace/loading.lua:174]: Compile files takes [0.000] sec: <fallback>
[14:26:27.829][info] [#0:script/workspace/loading.lua:175]: Loaded finish:	<fallback>
[14:26:27.829][info] [#0:script/workspace/workspace.lua:350]: Preload finish at:	<fallback>
[14:26:27.839][info] [#0:script/workspace/loading.lua:165]: Loaded files takes [0.423] sec: file:///home/ozil/.config/nvim
[14:26:27.839][info] [#0:script/workspace/loading.lua:174]: Compile files takes [0.000] sec: file:///home/ozil/.config/nvim
[14:26:27.839][info] [#0:script/workspace/loading.lua:175]: Loaded finish:	file:///home/ozil/.config/nvim
[14:26:27.839][info] [#0:script/workspace/workspace.lua:350]: Preload finish at:	file:///home/ozil/.config/nvim
[14:26:27.871][warn] [#0:script/proto/proto.lua:122]: Response of [workspace/diagnostic/refresh] error [-32601]: MethodNotFound
[14:26:27.871][warn] [#0:script/proto/proto.lua:122]: Response of [workspace/diagnostic/refresh] error [-32601]: MethodNotFound
[14:26:29.829][info] [#0:script/provider/diagnostic.lua:486]: Diagnostics scope [<fallback>], files count:[76]
[14:26:29.830][info] [#0:script/provider/diagnostic.lua:486]: Diagnostics scope [file:///home/ozil/.config/nvim], files count:[76]
[14:26:30.194][info] [#0:script/provider/diagnostic.lua:503]: Diagnostics scope [<fallback>] finished, takes [0.353] sec.
[14:26:30.194][info] [#0:script/provider/diagnostic.lua:503]: Diagnostics scope [file:///home/ozil/.config/nvim] finished, takes [0.353] sec.
[14:27:28.971][info] [#0:script/provider/diagnostic.lua:160]: clearDiagnostics	file:///home/ozil/.config/nvim/lua/plugins/configs/nvimtree.lua
[14:27:29.822][info] [#0:script/provider/diagnostic.lua:160]: clearDiagnostics	file:///home/ozil/.config/nvim/lua/plugins/configs/nvimtree.lua
[14:27:31.857][info] [#0:script/workspace/workspace.lua:265]: Scan files at:	file:///home/ozil/.config/nvim/lua/plugins/configs/nvimtree.lua
[14:27:31.858][info] [#0:script/workspace/loading.lua:153]: Load files from disk:	file:///home/ozil/.config/nvim/lua/plugins/configs/nvimtree.lua
[14:27:31.858][info] [#0:script/workspace/loading.lua:165]: Loaded files takes [0.000] sec: file:///home/ozil/.config/nvim/lua/plugins/configs/nvimtree.lua
[14:27:31.858][info] [#0:script/workspace/loading.lua:174]: Compile files takes [0.000] sec: file:///home/ozil/.config/nvim/lua/plugins/configs/nvimtree.lua
[14:27:31.858][info] [#0:script/workspace/loading.lua:175]: Loaded finish:	file:///home/ozil/.config/nvim/lua/plugins/configs/nvimtree.lua
[14:27:31.859][info] [#0:script/provider/diagnostic.lua:486]: Diagnostics scope [file:///home/ozil/.config/nvim], files count:[76]
[14:27:31.860][info] [#0:script/provider/diagnostic.lua:486]: Diagnostics scope [file:///home/ozil/.config/nvim], files count:[76]
[14:27:31.984][info] [#0:script/provider/diagnostic.lua:503]: Diagnostics scope [file:///home/ozil/.config/nvim] finished, takes [0.125] sec.
[14:27:33.842][info] [#0:script/provider/diagnostic.lua:486]: Diagnostics scope [file:///home/ozil/.config/nvim], files count:[76]
[14:27:33.843][info] [#0:script/provider/diagnostic.lua:486]: Diagnostics scope [file:///home/ozil/.config/nvim], files count:[76]
[14:27:33.931][info] [#0:script/provider/diagnostic.lua:503]: Diagnostics scope [file:///home/ozil/.config/nvim] finished, takes [0.089] sec.
[14:27:37.488][info] [#0:script/provider/provider.lua:167]: Server shutdown.
[14:27:37.589][info] [#0:script/provider/provider.lua:160]: Server exited.
