Oct 28 11:12 : player: played "Haaland Ha Ha Ha.mp3"
Oct 28 16:03 : player: played "Haaland Ha Ha Ha.mp3"
Oct 28 16:09 : player: played "Haaland Ha Ha Ha.mp3"
Oct 28 16:12 : player: played "Haaland Ha Ha Ha.mp3"
Oct 28 16:19 : player: played "Unstoppable - Sia.mp3"
Oct 28 16:23 : player: played "Unstoppable - Sia.mp3"
Oct 28 16:29 : player: played "YouAreMyLove_My Life.mp3"
Oct 28 16:34 : player: played "YouAreMyLove_My Life.mp3"
Oct 28 16:38 : player: played "YouAreMyLove_My Life.mp3"
Oct 28 16:47 : player: played "YouAreMyLove_My Life.mp3"
Oct 28 16:52 : player: played "YouAreMyLove_My Life.mp3"
Oct 28 16:56 : player: played "YouAreMyLove_My Life.mp3"
Oct 28 17:01 : player: played "YouAreMyLove_My Life.mp3"
Oct 28 17:05 : player: played "YouAreMyLove_My Life.mp3"
Oct 28 17:10 : player: played "YouAreMyLove_My Life.mp3"
Oct 28 17:17 : player: played "Solo - RiveR  .mp3"
Oct 28 17:21 : player: played "Solo - RiveR  .mp3"
Oct 28 17:25 : player: played "Solo - RiveR  .mp3"
Oct 28 17:29 : player: played "Solo - RiveR  .mp3"
Oct 28 17:32 : player: played "Solo - RiveR  .mp3"
Oct 28 17:36 : player: played "Solo - RiveR  .mp3"
Oct 28 17:40 : player: played "Solo - RiveR  .mp3"
Oct 28 17:44 : player: played "Solo - RiveR  .mp3"
Oct 28 17:48 : player: played "Solo - RiveR  .mp3"
Oct 28 19:51 : player: played "Solo - RiveR  .mp3"
Oct 28 19:55 : player: played "Solo - RiveR  .mp3"
Oct 28 19:59 : player: played "Solo - RiveR  .mp3"
Oct 28 20:03 : player: played "Solo - RiveR  .mp3"
Oct 28 21:52 : player: played "Solo - RiveR  .mp3"
Oct 29 13:54 : player: played "Solo - RiveR  .mp3"
Oct 29 17:47 : player: played "Haaland Ha Ha Ha.mp3"
Oct 29 17:57 : player: played "Haaland Ha Ha Ha.mp3"
Oct 29 18:00 : player: played "Haaland Ha Ha Ha.mp3"
Oct 29 18:03 : player: played "Haaland Ha Ha Ha.mp3"
Oct 29 18:06 : player: played "Haaland Ha Ha Ha.mp3"
Oct 29 18:09 : player: played "Haaland Ha Ha Ha.mp3"
Oct 29 18:12 : player: played "Haaland Ha Ha Ha.mp3"
Oct 29 18:13 : player: played "Haaland Ha Ha Ha.mp3"
Oct 29 18:16 : player: played "Haaland Ha Ha Ha.mp3"
Oct 29 18:19 : player: played "Haaland Ha Ha Ha.mp3"
Oct 29 18:20 : player: played "Haaland Ha Ha Ha.mp3"
Oct 29 19:29 : player: played "Haaland Ha Ha Ha.mp3"
Oct 29 23:06 : player: played "Haaland Ha Ha Ha.mp3"
WARNING: Unhandled message: interface=org.freedesktop.DBus, path=/org/freedesktop/DBus, member=ActivatableServicesChanged
WARNING: Unhandled message: interface=org.freedesktop.DBus, path=/org/freedesktop/DBus, member=ActivatableServicesChanged
WARNING: Unhandled message: interface=org.freedesktop.DBus, path=/org/freedesktop/DBus, member=ActivatableServicesChanged
WARNING: Unhandled message: interface=org.freedesktop.DBus, path=/org/freedesktop/DBus, member=ActivatableServicesChanged
WARNING: Unhandled message: interface=org.freedesktop.DBus, path=/org/freedesktop/DBus, member=ActivatableServicesChanged
Oct 30 11:57 : player: played "Haaland Ha Ha Ha.mp3"
Oct 30 12:04 : player: played "Haaland Ha Ha Ha.mp3"
Oct 30 18:00 : player: played "Haaland Ha Ha Ha.mp3"
Oct 31 07:13 : player: played "Haaland Ha Ha Ha.mp3"
Oct 31 07:21 : player: played "Haaland Ha Ha Ha.mp3"
Oct 31 07:24 : player: played "Haaland Ha Ha Ha.mp3"
Oct 31 07:27 : player: played "Haaland Ha Ha Ha.mp3"
Oct 31 07:30 : player: played "Haaland Ha Ha Ha.mp3"
Oct 31 07:33 : player: played "Haaland Ha Ha Ha.mp3"
Oct 31 07:37 : player: played "Haaland Ha Ha Ha.mp3"
Oct 31 07:40 : player: played "Haaland Ha Ha Ha.mp3"
Oct 31 07:43 : player: played "Haaland Ha Ha Ha.mp3"
Oct 31 10:02 : player: played "Haaland Ha Ha Ha.mp3"
Oct 31 11:02 : player: played "Haaland Ha Ha Ha.mp3"
Oct 31 11:06 : player: played "Haaland Ha Ha Ha.mp3"
Oct 31 11:09 : player: played "Haaland Ha Ha Ha.mp3"
Oct 31 11:12 : player: played "Haaland Ha Ha Ha.mp3"
Oct 31 12:15 : player: played "Haaland Ha Ha Ha.mp3"
WARNING: Unhandled message: interface=org.freedesktop.DBus, path=/org/freedesktop/DBus, member=ActivatableServicesChanged
WARNING: Unhandled message: interface=org.freedesktop.DBus, path=/org/freedesktop/DBus, member=ActivatableServicesChanged
WARNING: Unhandled message: interface=org.freedesktop.DBus, path=/org/freedesktop/DBus, member=ActivatableServicesChanged
WARNING: Unhandled message: interface=org.freedesktop.DBus, path=/org/freedesktop/DBus, member=ActivatableServicesChanged
WARNING: Unhandled message: interface=org.freedesktop.DBus, path=/org/freedesktop/DBus, member=ActivatableServicesChanged
WARNING: Unhandled message: interface=org.freedesktop.DBus, path=/org/freedesktop/DBus, member=ActivatableServicesChanged
WARNING: Unhandled message: interface=org.freedesktop.DBus, path=/org/freedesktop/DBus, member=ActivatableServicesChanged
Oct 31 23:27 : exception: Failed to open /home/ozil/.mpd/playlists: No such file or directory
Oct 31 23:27 : update: added /Panjabi MC - Mundian To Bach Ke.mp3
Oct 31 23:27 : update: added /Sia - Chandelier.mp3
Oct 31 23:27 : update: added /Sia - Cheap Thrills.mp3
Oct 31 23:27 : exception: Failed to open /home/ozil/.mpd/playlists: No such file or directory
Oct 31 23:29 : update: updating /Panjabi MC - Mundian To Bach Ke.mp3
Oct 31 23:29 : update: updating /Sia - Chandelier.mp3
Oct 31 23:30 : update: updating /Sia - Cheap Thrills.mp3
Oct 31 23:38 : player: played "Marie Wegener - Countdown.mp3"
WARNING: Unhandled message: interface=org.freedesktop.DBus, path=/org/freedesktop/DBus, member=ActivatableServicesChanged
WARNING: Unhandled message: interface=org.freedesktop.DBus, path=/org/freedesktop/DBus, member=ActivatableServicesChanged
WARNING: Unhandled message: interface=org.freedesktop.DBus, path=/org/freedesktop/DBus, member=ActivatableServicesChanged
WARNING: Unhandled message: interface=org.freedesktop.DBus, path=/org/freedesktop/DBus, member=ActivatableServicesChanged
Nov 01 00:25 : player: played "Panjabi MC - Mundian To Bach Ke.mp3"
WARNING: Unhandled message: interface=org.freedesktop.DBus, path=/org/freedesktop/DBus, member=ActivatableServicesChanged
WARNING: Unhandled message: interface=org.freedesktop.DBus, path=/org/freedesktop/DBus, member=ActivatableServicesChanged
WARNING: Unhandled message: interface=org.freedesktop.DBus, path=/org/freedesktop/DBus, member=ActivatableServicesChanged
WARNING: Unhandled message: interface=org.freedesktop.DBus, path=/org/freedesktop/DBus, member=ActivatableServicesChanged
Nov 01 14:18 : player: played "Solo - RiveR  .mp3"
Nov 01 14:27 : player: played "Janji - Heroes Tonight (feat. Johnning) [NCS Release].mp3"
Nov 01 14:30 : player: played "Janji - Heroes Tonight (feat. Johnning) [NCS Release].mp3"
Nov 01 14:38 : player: played "Unstoppable - Sia.mp3"
Nov 01 14:42 : player: played "Unstoppable - Sia.mp3"
Nov 01 16:21 : exception: Failed to open /home/ozil/.mpd/playlists: No such file or directory
Nov 01 16:21 : update: added /Bahlam Beek.mp3
Nov 01 16:21 : update: added /mosalsal nour.mp3
Nov 01 16:21 : exception: Failed to open /home/ozil/.mpd/playlists: No such file or directory
Nov 01 16:22 : update: updating /Bahlam Beek.mp3
Nov 01 16:23 : update: updating /mosalsal nour.mp3
Nov 01 16:44 : player: played "Bahlam Beek.mp3"
Nov 01 16:45 : update: removing Bahlam Beek.mp3
Nov 01 16:45 : update: removing mosalsal nour.mp3
Nov 01 16:45 : exception: Failed to open /home/ozil/.mpd/playlists: No such file or directory
Nov 01 20:12 : player: played "Alexandra Stan - Mr Saxo Beat.mp3"
Nov 02 19:15 : player: played "Unstoppable - Sia.mp3"
Nov 02 19:19 : player: played "Unstoppable - Sia.mp3"
Nov 02 19:19 : player: played "Unstoppable - Sia.mp3"
WARNING: Unhandled message: interface=org.freedesktop.DBus, path=/org/freedesktop/DBus, member=ActivatableServicesChanged
WARNING: Unhandled message: interface=org.freedesktop.DBus, path=/org/freedesktop/DBus, member=ActivatableServicesChanged
WARNING: Unhandled message: interface=org.freedesktop.DBus, path=/org/freedesktop/DBus, member=ActivatableServicesChanged
WARNING: Unhandled message: interface=org.freedesktop.DBus, path=/org/freedesktop/DBus, member=ActivatableServicesChanged
Nov 03 04:35 : player: played "Unstoppable - Sia.mp3"
Nov 03 09:03 : player: played "Unstoppable - Sia.mp3"
Nov 03 09:09 : player: played "Olympic ayres magic .mp3"
Nov 03 12:31 : player: played "Haaland Ha Ha Ha.mp3"
Nov 04 12:44 : player: played "Haaland Ha Ha Ha.mp3"
Nov 04 13:32 : player: played "Sia - Cheap Thrills.mp3"
Nov 04 13:35 : player: played "Sia - Cheap Thrills.mp3"
Nov 04 13:39 : player: played "Sia - Cheap Thrills.mp3"
Nov 04 15:49 : player: played "Eye of the Tiger.mp3"
Nov 04 15:53 : player: played "Eye of the Tiger.mp3"
Nov 04 15:57 : player: played "Eye of the Tiger.mp3"
Nov 04 16:01 : player: played "Eye of the Tiger.mp3"
Nov 04 16:05 : player: played "Eye of the Tiger.mp3"
Nov 04 16:09 : player: played "Eye of the Tiger.mp3"
Nov 04 16:13 : player: played "Eye of the Tiger.mp3"
Nov 04 16:17 : player: played "Eye of the Tiger.mp3"
Nov 04 16:21 : player: played "Eye of the Tiger.mp3"
Nov 04 16:25 : player: played "Eye of the Tiger.mp3"
Nov 04 16:29 : player: played "Eye of the Tiger.mp3"
Nov 04 16:33 : player: played "Eye of the Tiger.mp3"
Nov 04 18:45 : exception: Failed to open /home/ozil/.mpd/playlists: No such file or directory
Nov 04 18:45 : update: added /Niko Pandetta- Pistole Nella Fendi.mp3
Nov 04 18:45 : exception: Failed to open /home/ozil/.mpd/playlists: No such file or directory
Nov 04 18:46 : update: updating /Niko Pandetta- Pistole Nella Fendi.mp3
Nov 05 03:11 : player: played "Niko Pandetta- Pistole Nella Fendi.mp3"
WARNING: Unhandled message: interface=org.freedesktop.DBus, path=/org/freedesktop/DBus, member=ActivatableServicesChanged
WARNING: Unhandled message: interface=org.freedesktop.DBus, path=/org/freedesktop/DBus, member=ActivatableServicesChanged
WARNING: Unhandled message: interface=org.freedesktop.DBus, path=/org/freedesktop/DBus, member=ActivatableServicesChanged
WARNING: Unhandled message: interface=org.freedesktop.DBus, path=/org/freedesktop/DBus, member=ActivatableServicesChanged
WARNING: Unhandled message: interface=org.freedesktop.DBus, path=/org/freedesktop/DBus, member=ActivatableServicesChanged
WARNING: Unhandled message: interface=org.freedesktop.DBus, path=/org/freedesktop/DBus, member=ActivatableServicesChanged
WARNING: Unhandled message: interface=org.freedesktop.DBus, path=/org/freedesktop/DBus, member=ActivatableServicesChanged
WARNING: Unhandled message: interface=org.freedesktop.DBus, path=/org/freedesktop/DBus, member=ActivatableServicesChanged
WARNING: Unhandled message: interface=org.freedesktop.DBus, path=/org/freedesktop/DBus, member=ActivatableServicesChanged
Nov 05 10:20 : player: played "Niko Pandetta- Pistole Nella Fendi.mp3"
Nov 05 19:23 : player: played "Niko Pandetta- Pistole Nella Fendi.mp3"
Nov 05 22:20 : player: played "Niko Pandetta- Pistole Nella Fendi.mp3"
Nov 05 22:54 : player: played "Niko Pandetta- Pistole Nella Fendi.mp3"
Nov 06 02:33 : player: played "Niko Pandetta- Pistole Nella Fendi.mp3"
Nov 06 02:48 : player: played "Niko Pandetta- Pistole Nella Fendi.mp3"
Nov 06 15:12 : player: played "Niko Pandetta- Pistole Nella Fendi.mp3"
Nov 06 15:15 : player: played "Niko Pandetta- Pistole Nella Fendi.mp3"
Nov 06 15:18 : player: played "Niko Pandetta- Pistole Nella Fendi.mp3"
Nov 06 15:21 : player: played "Niko Pandetta- Pistole Nella Fendi.mp3"
Nov 06 15:24 : player: played "Niko Pandetta- Pistole Nella Fendi.mp3"
Nov 06 15:26 : player: played "Niko Pandetta- Pistole Nella Fendi.mp3"
Nov 06 15:29 : player: played "Niko Pandetta- Pistole Nella Fendi.mp3"
Nov 06 15:32 : player: played "Niko Pandetta- Pistole Nella Fendi.mp3"
Nov 06 15:35 : player: played "Niko Pandetta- Pistole Nella Fendi.mp3"
Nov 06 15:38 : player: played "Niko Pandetta- Pistole Nella Fendi.mp3"
Nov 06 15:41 : player: played "Niko Pandetta- Pistole Nella Fendi.mp3"
Nov 06 15:44 : player: played "Niko Pandetta- Pistole Nella Fendi.mp3"
Nov 06 15:47 : player: played "Niko Pandetta- Pistole Nella Fendi.mp3"
Nov 06 15:50 : player: played "Niko Pandetta- Pistole Nella Fendi.mp3"
Nov 06 15:53 : player: played "Niko Pandetta- Pistole Nella Fendi.mp3"
Nov 06 15:56 : player: played "Niko Pandetta- Pistole Nella Fendi.mp3"
Nov 06 15:58 : player: played "Niko Pandetta- Pistole Nella Fendi.mp3"
Nov 06 16:01 : player: played "Niko Pandetta- Pistole Nella Fendi.mp3"
Nov 06 17:32 : player: played "YouAreMyLove_My Life.mp3"
Nov 06 17:32 : exception: Failed to open /home/ozil/.mpd/playlists: No such file or directory
Nov 06 17:32 : update: removing Alexandra Stan - Mr Saxo Beat.mp3
Nov 06 17:32 : update: removing Dua Lipa - Don't Start Now .mp3
Nov 06 17:32 : update: removing Empire Of The Sun - Alive.mp3
Nov 06 17:32 : update: removing Hans Zimmer - S.T.A.Y.mp3
Nov 06 17:32 : update: removing Haaland Ha Ha Ha.mp3
Nov 06 17:32 : update: removing Gloria Gaynor - I Will Survive.mp3
Nov 06 17:32 : update: removing Eye of the Tiger.mp3
Nov 06 17:32 : update: removing INNA x Sean Paul - Up.mp3
Nov 06 17:32 : update: removing INNA  Yalla.mp3
Nov 06 17:32 : update: removing Imagine Dragons - Believer .mp3
Nov 06 17:32 : update: removing JeffreyBezos.mp3
Nov 06 17:32 : update: removing John Newman - Love Me Again.mp3
Nov 06 17:32 : update: removing Love Tonight.mp3
Nov 06 17:32 : update: removing M.I.A. - Paper Planes.mp3
Nov 06 17:32 : update: removing Madonna - La Isla Bonita.mp3
Nov 06 17:32 : update: removing Magic In The Air.mp3
Nov 06 17:32 : update: removing Major Lazer - Watch Out For This.mp3
Nov 06 17:32 : update: removing Maneskin_Beggin.mp3
Nov 06 17:32 : update: removing Marie Wegener - Countdown.mp3
Nov 06 17:32 : update: removing Mark Marku - Da si htjela .mp3
Nov 06 17:32 : update: removing Masked Wolf  - Astronaut in the Ocean .mp3
Nov 06 17:32 : update: removing MGK - Invincible .mp3
Nov 06 17:32 : update: removing Nathalie Cardone  Hasta siempre.mp3
Nov 06 17:32 : update: removing Niko Pandetta- Pistole Nella Fendi.mp3
Nov 06 17:32 : update: removing Olivia Addams - I'm Lost.mp3
Nov 06 17:32 : update: removing Olympic ayres magic .mp3
Nov 06 17:32 : update: removing Panjabi MC - Mundian To Bach Ke.mp3
Nov 06 17:32 : update: removing Phosphorescent - Song for Zula .mp3
Nov 06 17:32 : update: removing Post Malone - rockstar.mp3
Nov 06 17:32 : update: removing Shakira - Rabiosa.mp3
Nov 06 17:32 : update: removing Shakira & Rihanna - Can't Remember to Forget You.mp3
Nov 06 17:32 : update: removing Sia - Chandelier.mp3
Nov 06 17:32 : update: removing Sia - Cheap Thrills.mp3
Nov 06 17:32 : update: removing Solo - RiveR  .mp3
Nov 06 17:32 : update: removing Stern des Sudens _ FC Bayern.mp3
Nov 06 17:32 : update: removing The Final Countdown - Europe.mp3
Nov 06 17:32 : update: removing Unstoppable - Sia.mp3
Nov 06 17:32 : update: removing YouAreMyLove_My Life.mp3
Nov 06 17:32 : update: removing NEFFEX - Grateful .mp3
Nov 06 17:32 : update: removing Cartoon - On & On (feat. Daniel Levi) [NCS Release].mp3
Nov 06 17:32 : update: removing Culture Code - Make Me Move (feat. Karra) [NCS Release].mp3
Nov 06 17:32 : update: removing Janji - Heroes Tonight (feat. Johnning) [NCS Release].mp3
Nov 06 17:32 : update: removing N3WPORT - Power .mp3
Nov 06 17:32 : exception: Failed to open /home/ozil/.mpd/playlists: No such file or directory
Nov 06 17:32 : exception: Failed to open /home/ozil/.mpd/playlists: No such file or directory
Nov 06 17:32 : update: added /INNA x Sean Paul - Up.mp3
Nov 06 17:32 : update: added /Niko Pandetta- Pistole Nella Fendi.mp3
Nov 06 17:32 : update: added /Stern des Sudens _ FC Bayern.mp3
Nov 06 17:32 : update: added /Eye of the Tiger.mp3
Nov 06 17:32 : update: added /Solo - RiveR  .mp3
Nov 06 17:32 : update: added /Unstoppable - Sia.mp3
Nov 06 17:32 : update: added /Janji - Heroes Tonight (feat. Johnning) [NCS Release].mp3
Nov 06 17:32 : update: added /Haaland Ha Ha Ha.mp3
Nov 06 17:32 : exception: Failed to open /home/ozil/.mpd/playlists: No such file or directory
Nov 06 17:34 : update: updating /Eye of the Tiger.mp3
Nov 06 17:34 : update: updating /INNA x Sean Paul - Up.mp3
Nov 06 17:35 : update: updating /Niko Pandetta- Pistole Nella Fendi.mp3
Nov 06 17:35 : update: updating /Solo - RiveR  .mp3
Nov 06 17:36 : update: updating /Unstoppable - Sia.mp3
Nov 06 17:37 : exception: Failed to open /home/ozil/.mpd/playlists: No such file or directory
Nov 06 17:37 : update: added /Madonna - La Isla Bonita.mp3
Nov 06 17:37 : exception: Failed to open /home/ozil/.mpd/playlists: No such file or directory
Nov 07 13:08 : exception: Failed to decode /home/liveuser/Music/Madonna - La Isla Bonita.mp3; Failed to open '/home/liveuser/Music/Madonna - La Isla Bonita.mp3': No such file or directory
Nov 07 13:08 : player: played "Madonna - La Isla Bonita.mp3"
Nov 07 13:09 : exception: Failed to decode /home/liveuser/Music/Madonna - La Isla Bonita.mp3; Failed to open '/home/liveuser/Music/Madonna - La Isla Bonita.mp3': No such file or directory
Nov 07 13:09 : player: played "Madonna - La Isla Bonita.mp3"
Nov 07 13:09 : exception: Failed to decode /home/liveuser/Music/Madonna - La Isla Bonita.mp3; Failed to open '/home/liveuser/Music/Madonna - La Isla Bonita.mp3': No such file or directory
Nov 07 13:09 : exception: Failed to decode /home/liveuser/Music/Madonna - La Isla Bonita.mp3; Failed to open '/home/liveuser/Music/Madonna - La Isla Bonita.mp3': No such file or directory
Nov 07 13:09 : exception: Failed to decode /home/liveuser/Music/Madonna - La Isla Bonita.mp3; Failed to open '/home/liveuser/Music/Madonna - La Isla Bonita.mp3': No such file or directory
Nov 07 13:09 : player: played "Madonna - La Isla Bonita.mp3"
Nov 07 13:09 : exception: Failed to decode /home/liveuser/Music/Madonna - La Isla Bonita.mp3; Failed to open '/home/liveuser/Music/Madonna - La Isla Bonita.mp3': No such file or directory
Nov 07 13:09 : player: played "Madonna - La Isla Bonita.mp3"
Nov 07 13:09 : exception: Failed to decode /home/liveuser/Music/Madonna - La Isla Bonita.mp3; Failed to open '/home/liveuser/Music/Madonna - La Isla Bonita.mp3': No such file or directory
Nov 07 13:09 : player: played "Madonna - La Isla Bonita.mp3"
Nov 07 13:09 : exception: Failed to decode /home/liveuser/Music/Madonna - La Isla Bonita.mp3; Failed to open '/home/liveuser/Music/Madonna - La Isla Bonita.mp3': No such file or directory
Nov 07 13:09 : player: played "Madonna - La Isla Bonita.mp3"
Nov 07 13:09 : exception: Failed to decode /home/liveuser/Music/Madonna - La Isla Bonita.mp3; Failed to open '/home/liveuser/Music/Madonna - La Isla Bonita.mp3': No such file or directory
Nov 07 13:09 : player: played "Madonna - La Isla Bonita.mp3"
Nov 07 13:09 : exception: Failed to decode /home/liveuser/Music/Madonna - La Isla Bonita.mp3; Failed to open '/home/liveuser/Music/Madonna - La Isla Bonita.mp3': No such file or directory
Nov 07 13:09 : player: played "Madonna - La Isla Bonita.mp3"
Nov 07 13:09 : exception: Failed to decode /home/liveuser/Music/Madonna - La Isla Bonita.mp3; Failed to open '/home/liveuser/Music/Madonna - La Isla Bonita.mp3': No such file or directory
Nov 07 13:09 : player: played "Madonna - La Isla Bonita.mp3"
Nov 07 13:09 : exception: Failed to decode /home/liveuser/Music/Madonna - La Isla Bonita.mp3; Failed to open '/home/liveuser/Music/Madonna - La Isla Bonita.mp3': No such file or directory
Nov 07 13:09 : player: played "Madonna - La Isla Bonita.mp3"
Nov 07 13:09 : exception: Failed to decode /home/liveuser/Music/Madonna - La Isla Bonita.mp3; Failed to open '/home/liveuser/Music/Madonna - La Isla Bonita.mp3': No such file or directory
Nov 07 13:09 : player: played "Madonna - La Isla Bonita.mp3"
Nov 07 13:09 : exception: Failed to decode /home/liveuser/Music/Madonna - La Isla Bonita.mp3; Failed to open '/home/liveuser/Music/Madonna - La Isla Bonita.mp3': No such file or directory
Nov 07 13:09 : player: played "Madonna - La Isla Bonita.mp3"
Nov 07 13:09 : exception: Failed to decode /home/liveuser/Music/Madonna - La Isla Bonita.mp3; Failed to open '/home/liveuser/Music/Madonna - La Isla Bonita.mp3': No such file or directory
Nov 07 13:09 : player: played "Madonna - La Isla Bonita.mp3"
Nov 07 13:09 : exception: Failed to decode /home/liveuser/Music/Madonna - La Isla Bonita.mp3; Failed to open '/home/liveuser/Music/Madonna - La Isla Bonita.mp3': No such file or directory
Nov 07 13:09 : player: played "Madonna - La Isla Bonita.mp3"
Nov 07 13:09 : exception: Failed to decode /home/liveuser/Music/Madonna - La Isla Bonita.mp3; Failed to open '/home/liveuser/Music/Madonna - La Isla Bonita.mp3': No such file or directory
Nov 07 13:09 : player: played "Madonna - La Isla Bonita.mp3"
Nov 07 13:09 : exception: Failed to decode /home/liveuser/Music/Madonna - La Isla Bonita.mp3; Failed to open '/home/liveuser/Music/Madonna - La Isla Bonita.mp3': No such file or directory
Nov 07 13:09 : player: played "Madonna - La Isla Bonita.mp3"
Nov 07 13:09 : exception: Failed to decode /home/liveuser/Music/Madonna - La Isla Bonita.mp3; Failed to open '/home/liveuser/Music/Madonna - La Isla Bonita.mp3': No such file or directory
Nov 07 13:09 : player: played "Madonna - La Isla Bonita.mp3"
Nov 07 13:09 : exception: Failed to decode /home/liveuser/Music/Madonna - La Isla Bonita.mp3; Failed to open '/home/liveuser/Music/Madonna - La Isla Bonita.mp3': No such file or directory
Nov 07 13:09 : player: played "Madonna - La Isla Bonita.mp3"
Nov 07 13:09 : exception: Failed to decode /home/liveuser/Music/Madonna - La Isla Bonita.mp3; Failed to open '/home/liveuser/Music/Madonna - La Isla Bonita.mp3': No such file or directory
Nov 07 13:09 : player: played "Madonna - La Isla Bonita.mp3"
Nov 07 13:10 : exception: Failed to decode /home/liveuser/Music/Madonna - La Isla Bonita.mp3; Failed to open '/home/liveuser/Music/Madonna - La Isla Bonita.mp3': No such file or directory
Nov 07 13:10 : player: played "Madonna - La Isla Bonita.mp3"
Nov 07 13:10 : exception: Failed to decode /home/liveuser/Music/Madonna - La Isla Bonita.mp3; Failed to open '/home/liveuser/Music/Madonna - La Isla Bonita.mp3': No such file or directory
Nov 07 13:10 : exception: Failed to decode /home/liveuser/Music/Madonna - La Isla Bonita.mp3; Failed to open '/home/liveuser/Music/Madonna - La Isla Bonita.mp3': No such file or directory
Nov 07 13:10 : player: played "Madonna - La Isla Bonita.mp3"
Nov 07 13:10 : exception: Failed to decode /home/liveuser/Music/Madonna - La Isla Bonita.mp3; Failed to open '/home/liveuser/Music/Madonna - La Isla Bonita.mp3': No such file or directory
Nov 07 13:10 : exception: Failed to decode /home/liveuser/Music/Madonna - La Isla Bonita.mp3; Failed to open '/home/liveuser/Music/Madonna - La Isla Bonita.mp3': No such file or directory
Nov 07 13:10 : player: played "Madonna - La Isla Bonita.mp3"
Nov 07 13:10 : exception: Failed to decode /home/liveuser/Music/Madonna - La Isla Bonita.mp3; Failed to open '/home/liveuser/Music/Madonna - La Isla Bonita.mp3': No such file or directory
Nov 07 13:10 : player: played "Madonna - La Isla Bonita.mp3"
Nov 07 13:10 : exception: Failed to decode /home/liveuser/Music/Madonna - La Isla Bonita.mp3; Failed to open '/home/liveuser/Music/Madonna - La Isla Bonita.mp3': No such file or directory
Nov 07 13:10 : player: played "Madonna - La Isla Bonita.mp3"
Nov 07 13:10 : exception: Failed to decode /home/liveuser/Music/Madonna - La Isla Bonita.mp3; Failed to open '/home/liveuser/Music/Madonna - La Isla Bonita.mp3': No such file or directory
Nov 07 13:10 : player: played "Madonna - La Isla Bonita.mp3"
Nov 07 13:10 : exception: Failed to decode /home/liveuser/Music/Madonna - La Isla Bonita.mp3; Failed to open '/home/liveuser/Music/Madonna - La Isla Bonita.mp3': No such file or directory
Nov 07 13:10 : exception: Failed to decode /home/liveuser/Music/Madonna - La Isla Bonita.mp3; Failed to open '/home/liveuser/Music/Madonna - La Isla Bonita.mp3': No such file or directory
Nov 07 13:10 : player: played "Madonna - La Isla Bonita.mp3"
Nov 07 13:10 : exception: Failed to decode /home/liveuser/Music/Madonna - La Isla Bonita.mp3; Failed to open '/home/liveuser/Music/Madonna - La Isla Bonita.mp3': No such file or directory
Nov 07 13:10 : player: played "Madonna - La Isla Bonita.mp3"
Nov 07 13:10 : exception: Failed to decode /home/liveuser/Music/Madonna - La Isla Bonita.mp3; Failed to open '/home/liveuser/Music/Madonna - La Isla Bonita.mp3': No such file or directory
Nov 07 13:10 : player: played "Madonna - La Isla Bonita.mp3"
Nov 07 13:10 : exception: Failed to decode /home/liveuser/Music/Madonna - La Isla Bonita.mp3; Failed to open '/home/liveuser/Music/Madonna - La Isla Bonita.mp3': No such file or directory
Nov 07 13:10 : player: played "Madonna - La Isla Bonita.mp3"
Nov 07 13:10 : exception: Failed to decode /home/liveuser/Music/Madonna - La Isla Bonita.mp3; Failed to open '/home/liveuser/Music/Madonna - La Isla Bonita.mp3': No such file or directory
Nov 07 13:10 : player: played "Madonna - La Isla Bonita.mp3"
Nov 07 13:10 : exception: Failed to decode /home/liveuser/Music/Madonna - La Isla Bonita.mp3; Failed to open '/home/liveuser/Music/Madonna - La Isla Bonita.mp3': No such file or directory
Nov 07 13:10 : player: played "Madonna - La Isla Bonita.mp3"
Nov 07 13:10 : exception: Failed to decode /home/liveuser/Music/Madonna - La Isla Bonita.mp3; Failed to open '/home/liveuser/Music/Madonna - La Isla Bonita.mp3': No such file or directory
Nov 07 13:10 : player: played "Madonna - La Isla Bonita.mp3"
Nov 07 13:10 : exception: Failed to decode /home/liveuser/Music/Madonna - La Isla Bonita.mp3; Failed to open '/home/liveuser/Music/Madonna - La Isla Bonita.mp3': No such file or directory
Nov 07 13:10 : player: played "Madonna - La Isla Bonita.mp3"
Nov 07 13:10 : exception: Failed to decode /home/liveuser/Music/Madonna - La Isla Bonita.mp3; Failed to open '/home/liveuser/Music/Madonna - La Isla Bonita.mp3': No such file or directory
Nov 07 13:10 : player: played "Madonna - La Isla Bonita.mp3"
Nov 07 13:10 : exception: Failed to decode /home/liveuser/Music/Madonna - La Isla Bonita.mp3; Failed to open '/home/liveuser/Music/Madonna - La Isla Bonita.mp3': No such file or directory
Nov 07 13:10 : player: played "Madonna - La Isla Bonita.mp3"
Nov 07 13:10 : exception: Failed to decode /home/liveuser/Music/Madonna - La Isla Bonita.mp3; Failed to open '/home/liveuser/Music/Madonna - La Isla Bonita.mp3': No such file or directory
Nov 07 13:10 : player: played "Madonna - La Isla Bonita.mp3"
Nov 07 13:10 : exception: Failed to decode /home/liveuser/Music/Madonna - La Isla Bonita.mp3; Failed to open '/home/liveuser/Music/Madonna - La Isla Bonita.mp3': No such file or directory
Nov 07 13:10 : player: played "Madonna - La Isla Bonita.mp3"
Nov 07 13:10 : exception: Failed to decode /home/liveuser/Music/Madonna - La Isla Bonita.mp3; Failed to open '/home/liveuser/Music/Madonna - La Isla Bonita.mp3': No such file or directory
Nov 07 13:10 : player: played "Madonna - La Isla Bonita.mp3"
Nov 07 13:10 : exception: Failed to decode /home/liveuser/Music/Madonna - La Isla Bonita.mp3; Failed to open '/home/liveuser/Music/Madonna - La Isla Bonita.mp3': No such file or directory
Nov 07 13:10 : exception: Failed to decode /home/liveuser/Music/Madonna - La Isla Bonita.mp3; Failed to open '/home/liveuser/Music/Madonna - La Isla Bonita.mp3': No such file or directory
Nov 07 13:10 : player: played "Madonna - La Isla Bonita.mp3"
Nov 07 13:10 : exception: Failed to decode /home/liveuser/Music/Madonna - La Isla Bonita.mp3; Failed to open '/home/liveuser/Music/Madonna - La Isla Bonita.mp3': No such file or directory
Nov 07 13:10 : exception: Failed to decode /home/liveuser/Music/Madonna - La Isla Bonita.mp3; Failed to open '/home/liveuser/Music/Madonna - La Isla Bonita.mp3': No such file or directory
Nov 07 13:10 : player: played "Madonna - La Isla Bonita.mp3"
Nov 07 13:10 : exception: Failed to decode /home/liveuser/Music/Madonna - La Isla Bonita.mp3; Failed to open '/home/liveuser/Music/Madonna - La Isla Bonita.mp3': No such file or directory
Nov 07 13:10 : player: played "Madonna - La Isla Bonita.mp3"
Nov 07 13:10 : exception: Failed to decode /home/liveuser/Music/Madonna - La Isla Bonita.mp3; Failed to open '/home/liveuser/Music/Madonna - La Isla Bonita.mp3': No such file or directory
Nov 07 13:10 : exception: Failed to decode /home/liveuser/Music/Madonna - La Isla Bonita.mp3; Failed to open '/home/liveuser/Music/Madonna - La Isla Bonita.mp3': No such file or directory
Nov 07 13:10 : player: played "Madonna - La Isla Bonita.mp3"
Nov 07 13:10 : exception: Failed to decode /home/liveuser/Music/Madonna - La Isla Bonita.mp3; Failed to open '/home/liveuser/Music/Madonna - La Isla Bonita.mp3': No such file or directory
Nov 07 13:10 : exception: Failed to decode /home/liveuser/Music/Madonna - La Isla Bonita.mp3; Failed to open '/home/liveuser/Music/Madonna - La Isla Bonita.mp3': No such file or directory
Nov 07 13:10 : player: played "Madonna - La Isla Bonita.mp3"
Nov 07 13:10 : exception: Failed to decode /home/liveuser/Music/Madonna - La Isla Bonita.mp3; Failed to open '/home/liveuser/Music/Madonna - La Isla Bonita.mp3': No such file or directory
Nov 07 13:10 : exception: Failed to decode /home/liveuser/Music/Madonna - La Isla Bonita.mp3; Failed to open '/home/liveuser/Music/Madonna - La Isla Bonita.mp3': No such file or directory
Nov 07 13:10 : player: played "Madonna - La Isla Bonita.mp3"
Nov 07 13:10 : exception: Failed to decode /home/liveuser/Music/Madonna - La Isla Bonita.mp3; Failed to open '/home/liveuser/Music/Madonna - La Isla Bonita.mp3': No such file or directory
Nov 07 13:10 : exception: Failed to decode /home/liveuser/Music/Madonna - La Isla Bonita.mp3; Failed to open '/home/liveuser/Music/Madonna - La Isla Bonita.mp3': No such file or directory
Nov 07 13:10 : player: played "Madonna - La Isla Bonita.mp3"
Nov 07 13:10 : exception: Failed to decode /home/liveuser/Music/Madonna - La Isla Bonita.mp3; Failed to open '/home/liveuser/Music/Madonna - La Isla Bonita.mp3': No such file or directory
Nov 07 13:10 : exception: Failed to decode /home/liveuser/Music/Madonna - La Isla Bonita.mp3; Failed to open '/home/liveuser/Music/Madonna - La Isla Bonita.mp3': No such file or directory
Nov 07 13:10 : player: played "Madonna - La Isla Bonita.mp3"
Nov 07 13:10 : exception: Failed to decode /home/liveuser/Music/Madonna - La Isla Bonita.mp3; Failed to open '/home/liveuser/Music/Madonna - La Isla Bonita.mp3': No such file or directory
Nov 07 13:10 : exception: Failed to decode /home/liveuser/Music/Madonna - La Isla Bonita.mp3; Failed to open '/home/liveuser/Music/Madonna - La Isla Bonita.mp3': No such file or directory
Nov 07 13:10 : player: played "Madonna - La Isla Bonita.mp3"
Nov 07 13:10 : exception: Failed to decode /home/liveuser/Music/Madonna - La Isla Bonita.mp3; Failed to open '/home/liveuser/Music/Madonna - La Isla Bonita.mp3': No such file or directory
Nov 07 13:10 : player: played "Madonna - La Isla Bonita.mp3"
Nov 07 13:10 : exception: Failed to decode /home/liveuser/Music/Madonna - La Isla Bonita.mp3; Failed to open '/home/liveuser/Music/Madonna - La Isla Bonita.mp3': No such file or directory
Nov 07 13:10 : exception: Failed to decode /home/liveuser/Music/Madonna - La Isla Bonita.mp3; Failed to open '/home/liveuser/Music/Madonna - La Isla Bonita.mp3': No such file or directory
Nov 07 13:10 : player: played "Madonna - La Isla Bonita.mp3"
Nov 07 13:10 : exception: Failed to decode /home/liveuser/Music/Madonna - La Isla Bonita.mp3; Failed to open '/home/liveuser/Music/Madonna - La Isla Bonita.mp3': No such file or directory
Nov 07 13:10 : player: played "Madonna - La Isla Bonita.mp3"
Nov 07 13:10 : exception: Failed to decode /home/liveuser/Music/Madonna - La Isla Bonita.mp3; Failed to open '/home/liveuser/Music/Madonna - La Isla Bonita.mp3': No such file or directory
Nov 07 13:10 : player: played "Madonna - La Isla Bonita.mp3"
Nov 07 13:10 : exception: Failed to decode /home/liveuser/Music/Madonna - La Isla Bonita.mp3; Failed to open '/home/liveuser/Music/Madonna - La Isla Bonita.mp3': No such file or directory
Nov 07 13:10 : player: played "Madonna - La Isla Bonita.mp3"
Nov 07 13:10 : exception: Failed to decode /home/liveuser/Music/Madonna - La Isla Bonita.mp3; Failed to open '/home/liveuser/Music/Madonna - La Isla Bonita.mp3': No such file or directory
Nov 07 13:10 : player: played "Madonna - La Isla Bonita.mp3"
Nov 07 13:10 : exception: Failed to decode /home/liveuser/Music/Madonna - La Isla Bonita.mp3; Failed to open '/home/liveuser/Music/Madonna - La Isla Bonita.mp3': No such file or directory
Nov 07 13:10 : player: played "Madonna - La Isla Bonita.mp3"
Nov 07 13:10 : exception: Failed to decode /home/liveuser/Music/Madonna - La Isla Bonita.mp3; Failed to open '/home/liveuser/Music/Madonna - La Isla Bonita.mp3': No such file or directory
Nov 07 13:10 : player: played "Madonna - La Isla Bonita.mp3"
Nov 07 13:10 : exception: Failed to decode /home/liveuser/Music/Madonna - La Isla Bonita.mp3; Failed to open '/home/liveuser/Music/Madonna - La Isla Bonita.mp3': No such file or directory
Nov 07 13:10 : player: played "Madonna - La Isla Bonita.mp3"
Nov 07 13:11 : exception: Failed to open /home/liveuser/.mpd/playlists: No such file or directory
Nov 07 13:11 : update: removing Madonna - La Isla Bonita.mp3
Nov 07 13:11 : update: updating /Eye of the Tiger.mp3
Nov 07 13:11 : update: updating /Haaland Ha Ha Ha.mp3
Nov 07 13:11 : update: updating /INNA x Sean Paul - Up.mp3
Nov 07 13:11 : update: updating /Janji - Heroes Tonight (feat. Johnning) [NCS Release].mp3
Nov 07 13:11 : update: updating /Niko Pandetta- Pistole Nella Fendi.mp3
Nov 07 13:11 : update: updating /Solo - RiveR  .mp3
Nov 07 13:11 : update: updating /Stern des Sudens _ FC Bayern.mp3
Nov 07 13:11 : update: updating /Unstoppable - Sia.mp3
Nov 07 13:11 : exception: Failed to open /home/liveuser/.mpd/playlists: No such file or directory
Nov 07 13:13 : exception: Failed to open /home/liveuser/.mpd/playlists: No such file or directory
Nov 07 13:14 : update: updating /Eye of the Tiger.mp3
Nov 07 13:14 : update: updating /INNA x Sean Paul - Up.mp3
Nov 07 13:15 : update: updating /Niko Pandetta- Pistole Nella Fendi.mp3
Nov 07 13:17 : update: updating /Solo - RiveR  .mp3
Nov 07 13:18 : update: updating /Unstoppable - Sia.mp3
Nov 07 13:21 : player: played "Niko Pandetta- Pistole Nella Fendi.mp3"
Nov 07 13:24 : exception: Failed to open /home/liveuser/.mpd/playlists: No such file or directory
Nov 07 13:24 : update: added /Madonna - La Isla Bonita.mp3
Nov 07 13:24 : exception: Failed to open /home/liveuser/.mpd/playlists: No such file or directory
